#
# A fatal error has been detected by the Java Runtime Environment:
#
#  Internal Error (safepoint.cpp:712), pid=59341, tid=0x0000000000009907
#  fatal error: Illegal threadstate encountered: 4
#
# JRE version: Java(TM) SE Runtime Environment (8.0_202-b08) (build 1.8.0_202-b08)
# Java VM: Java HotSpot(TM) 64-Bit Server VM (25.202-b08 mixed mode bsd-amd64 compressed oops)
# Failed to write core dump. Core dumps have been disabled. To enable core dumping, try "ulimit -c unlimited" before starting Java again
#
# If you would like to submit a bug report, please visit:
#   http://bugreport.java.com/bugreport/crash.jsp
# The crash happened outside the Java Virtual Machine in native code.
# See problematic frame for where to report the bug.
#

---------------  T H R E A D  ---------------

Current thread (0x00007fb062009000):  JavaThread "Thread-1" daemon [_thread_in_native, id=39175, stack(0x000070000e6f6000,0x000070000e7f6000)]

Stack: [0x000070000e6f6000,0x000070000e7f6000],  sp=0x000070000e7f4c80,  free space=1019k
Native frames: (J=compiled Java code, j=interpreted, Vv=VM code, C=native code)
V  [libjvm.dylib+0x5b698e]
V  [libjvm.dylib+0x1e9bed]
V  [libjvm.dylib+0x4e66a8]
V  [libjvm.dylib+0x56fa72]
V  [libjvm.dylib+0x16ab4e]
V  [libjvm.dylib+0x317599]
C  [libglass.dylib+0x49d1]  -[GlassRunnable dealloc]+0x31
C  [libobjc.A.dylib+0x25e98]  _ZN11objc_object17sidetable_releaseEbb+0xee
C  [Foundation+0x818be]  -[_NSThreadPerformInfo dealloc]+0x2a
C  [libobjc.A.dylib+0x25e98]  _ZN11objc_object17sidetable_releaseEbb+0xee
C  [Foundation+0x4e446]  -[NSObject(NSThreadPerformAdditions) performSelectorOnMainThread:withObject:waitUntilDone:]+0x7c
j  com.sun.glass.ui.mac.MacApplication._submitForLaterInvocation(Ljava/lang/Runnable;)V+0
j  com.sun.glass.ui.mac.MacApplication.submitForLaterInvocation(Ljava/lang/Runnable;)V+2
j  com.sun.glass.ui.InvokeLaterDispatcher.run()V+82
v  ~StubRoutines::call_stub
V  [libjvm.dylib+0x2f0d1e]
V  [libjvm.dylib+0x2f14c2]
V  [libjvm.dylib+0x2f166e]
V  [libjvm.dylib+0x34bf5d]
V  [libjvm.dylib+0x570b93]
V  [libjvm.dylib+0x57228e]
V  [libjvm.dylib+0x48f30a]
C  [libsystem_pthread.dylib+0x64e1]  _pthread_start+0x7d
C  [libsystem_pthread.dylib+0x1f6b]  thread_start+0xf
C  0x0000000000000000

Java frames: (J=compiled Java code, j=interpreted, Vv=VM code)
j  com.sun.glass.ui.mac.MacApplication._submitForLaterInvocation(Ljava/lang/Runnable;)V+0
j  com.sun.glass.ui.mac.MacApplication.submitForLaterInvocation(Ljava/lang/Runnable;)V+2
j  com.sun.glass.ui.InvokeLaterDispatcher.run()V+82
v  ~StubRoutines::call_stub

---------------  P R O C E S S  ---------------

Java Threads: ( => current thread )
  0x00007fb05c359800 JavaThread "Timer-0" [_thread_in_native, id=55307, stack(0x000070000ec8e000,0x000070000ed8e000)]
  0x00007fb05e92a000 JavaThread "Prism Font Disposer" daemon [_thread_blocked, id=73483, stack(0x000070000eb08000,0x000070000ec08000)]
  0x00007fb05d0d0800 JavaThread "JavaFX-Launcher" [_thread_blocked, id=79363, stack(0x000070000ea05000,0x000070000eb05000)]
  0x00007fb05e8fe000 JavaThread "Thread-3" daemon [_thread_in_native, id=86791, stack(0x000070000e7f9000,0x000070000e879000)]
  0x00007fb05e025800 JavaThread "JavaFX Application Thread" [_thread_in_native, id=259, stack(0x00007ff7b089d000,0x00007ff7b109d000)]
=>0x00007fb062009000 JavaThread "Thread-1" daemon [_thread_in_native, id=39175, stack(0x000070000e6f6000,0x000070000e7f6000)]
  0x00007fb06203e800 JavaThread "QuantumRenderer-0" daemon [_thread_blocked, id=43011, stack(0x000070000e5f3000,0x000070000e6f3000)]
  0x00007fb05e019000 JavaThread "Service Thread" daemon [_thread_blocked, id=21763, stack(0x000070000e3ed000,0x000070000e4ed000)]
  0x00007fb05f80c000 JavaThread "C1 CompilerThread3" daemon [_thread_blocked, id=16131, stack(0x000070000e2ea000,0x000070000e3ea000)]
  0x00007fb05d81d800 JavaThread "C2 CompilerThread2" daemon [_thread_blocked, id=16643, stack(0x000070000e1e7000,0x000070000e2e7000)]
  0x00007fb05d80a000 JavaThread "C2 CompilerThread1" daemon [_thread_in_native, id=17155, stack(0x000070000e0e4000,0x000070000e1e4000)]
  0x00007fb05e81e800 JavaThread "C2 CompilerThread0" daemon [_thread_blocked, id=15363, stack(0x000070000dfe1000,0x000070000e0e1000)]
  0x00007fb05d808800 JavaThread "JDWP Command Reader" daemon [_thread_in_native, id=14851, stack(0x000070000dede000,0x000070000dfde000)]
  0x00007fb06200f000 JavaThread "JDWP Event Helper Thread" daemon [_thread_blocked, id=14339, stack(0x000070000dddb000,0x000070000dedb000)]
  0x00007fb05e81e000 JavaThread "JDWP Transport Listener: dt_socket" daemon [_thread_blocked, id=13831, stack(0x000070000dcd8000,0x000070000ddd8000)]
  0x00007fb05c045000 JavaThread "Signal Dispatcher" daemon [_thread_blocked, id=13571, stack(0x000070000dbd5000,0x000070000dcd5000)]
  0x00007fb05e810800 JavaThread "Finalizer" daemon [_thread_blocked, id=19459, stack(0x000070000d9cc000,0x000070000dacc000)]
  0x00007fb05d01b000 JavaThread "Reference Handler" daemon [_thread_blocked, id=12035, stack(0x000070000d8c9000,0x000070000d9c9000)]
  0x00007fb05c00a000 JavaThread "main" [_thread_blocked, id=3843, stack(0x000070000ceab000,0x000070000cfab000)]

Other Threads:
  0x00007fb05e00e800 VMThread [stack: 0x000070000d7c6000,0x000070000d8c6000] [id=19971]
  0x00007fb05f008800 WatcherThread [stack: 0x000070000e4f0000,0x000070000e5f0000] [id=22275]

VM state:not at safepoint (normal execution)

VM Mutex/Monitor currently owned by a thread: None

heap address: 0x00000006c0000000, size: 4096 MB, Compressed Oops mode: Zero based, Oop shift amount: 3
Narrow klass base: 0x0000000000000000, Narrow klass shift: 3
Compressed class space size: 1073741824 Address: 0x00000007c0000000

Heap:
 PSYoungGen      total 76288K, used 2691K [0x000000076ab00000, 0x0000000770000000, 0x00000007c0000000)
  eden space 65536K, 4% used [0x000000076ab00000,0x000000076ada0ce0,0x000000076eb00000)
  from space 10752K, 0% used [0x000000076eb00000,0x000000076eb00000,0x000000076f580000)
  to   space 10752K, 0% used [0x000000076f580000,0x000000076f580000,0x0000000770000000)
 ParOldGen       total 274944K, used 199700K [0x00000006c0000000, 0x00000006d0c80000, 0x000000076ab00000)
  object space 274944K, 72% used [0x00000006c0000000,0x00000006cc3053f0,0x00000006d0c80000)
 Metaspace       used 20226K, capacity 21196K, committed 21296K, reserved 1067008K
  class space    used 2917K, capacity 3159K, committed 3200K, reserved 1048576K

Card table byte_map: [0x0000000113453000,0x0000000113c54000] byte_map_base: 0x000000010fe53000

Marking Bits: (ParMarkBitMap*) 0x000000011487ee40
 Begin Bits: [0x0000000124a9b000, 0x0000000128a9b000)
 End Bits:   [0x0000000128a9b000, 0x000000012ca9b000)

Polling page: 0x000000010ef97000

CodeCache: size=245760Kb used=6595Kb max_used=6750Kb free=239164Kb
 bounds [0x0000000115545000, 0x0000000115be5000, 0x0000000124545000]
 total_blobs=2790 nmethods=2120 adapters=591
 compilation: enabled

Compilation events (10 events):
Event: 11.076 Thread 0x00007fb05f80c000 nmethod 2190 0x0000000115bdce50 code [0x0000000115bdd080, 0x0000000115bddd88]
Event: 11.076 Thread 0x00007fb05f80c000 2191   !   3       java.lang.ref.ReferenceQueue::enqueue (119 bytes)
Event: 11.077 Thread 0x00007fb05f80c000 nmethod 2191 0x0000000115bde2d0 code [0x0000000115bde480, 0x0000000115bdec68]
Event: 11.077 Thread 0x00007fb05f80c000 2189       3       java.util.concurrent.atomic.AtomicBoolean::getAndSet (16 bytes)
Event: 11.078 Thread 0x00007fb05f80c000 nmethod 2189 0x0000000115bdee90 code [0x0000000115bdf020, 0x0000000115bdf4f0]
Event: 11.078 Thread 0x00007fb05f80c000 2181       3       com.sun.prism.es2.GLContext::updateViewportAndDepthTest (91 bytes)
Event: 11.079 Thread 0x00007fb05f80c000 nmethod 2181 0x0000000115bdf650 code [0x0000000115bdf7e0, 0x0000000115bdfb18]
Event: 11.080 Thread 0x00007fb05f80c000 2182       3       com.sun.prism.es2.GLContext::updateMSAAState (22 bytes)
Event: 11.080 Thread 0x00007fb05f80c000 nmethod 2182 0x0000000115669410 code [0x0000000115669580, 0x0000000115669768]
Event: 11.081 Thread 0x00007fb05f80c000 2183       3       com.sun.javafx.sg.prism.NGCamera::getProjViewTx (21 bytes)

GC Heap History (4 events):
Event: 11.014 GC heap before
{Heap before GC invocations=1 (full 0):
 PSYoungGen      total 76288K, used 53463K [0x000000076ab00000, 0x0000000770000000, 0x00000007c0000000)
  eden space 65536K, 81% used [0x000000076ab00000,0x000000076df35db0,0x000000076eb00000)
  from space 10752K, 0% used [0x000000076f580000,0x000000076f580000,0x0000000770000000)
  to   space 10752K, 0% used [0x000000076eb00000,0x000000076eb00000,0x000000076f580000)
 ParOldGen       total 241664K, used 220500K [0x00000006c0000000, 0x00000006cec00000, 0x000000076ab00000)
  object space 241664K, 91% used [0x00000006c0000000,0x00000006cd755060,0x00000006cec00000)
 Metaspace       used 20223K, capacity 21196K, committed 21296K, reserved 1067008K
  class space    used 2917K, capacity 3159K, committed 3200K, reserved 1048576K
Event: 11.030 GC heap after
Heap after GC invocations=1 (full 0):
 PSYoungGen      total 76288K, used 10737K [0x000000076ab00000, 0x0000000770000000, 0x00000007c0000000)
  eden space 65536K, 0% used [0x000000076ab00000,0x000000076ab00000,0x000000076eb00000)
  from space 10752K, 99% used [0x000000076eb00000,0x000000076f57c4e0,0x000000076f580000)
  to   space 10752K, 0% used [0x000000076f580000,0x000000076f580000,0x0000000770000000)
 ParOldGen       total 241664K, used 223768K [0x00000006c0000000, 0x00000006cec00000, 0x000000076ab00000)
  object space 241664K, 92% used [0x00000006c0000000,0x00000006cda86210,0x00000006cec00000)
 Metaspace       used 20223K, capacity 21196K, committed 21296K, reserved 1067008K
  class space    used 2917K, capacity 3159K, committed 3200K, reserved 1048576K
}
Event: 11.030 GC heap before
{Heap before GC invocations=2 (full 1):
 PSYoungGen      total 76288K, used 10737K [0x000000076ab00000, 0x0000000770000000, 0x00000007c0000000)
  eden space 65536K, 0% used [0x000000076ab00000,0x000000076ab00000,0x000000076eb00000)
  from space 10752K, 99% used [0x000000076eb00000,0x000000076f57c4e0,0x000000076f580000)
  to   space 10752K, 0% used [0x000000076f580000,0x000000076f580000,0x0000000770000000)
 ParOldGen       total 241664K, used 223768K [0x00000006c0000000, 0x00000006cec00000, 0x000000076ab00000)
  object space 241664K, 92% used [0x00000006c0000000,0x00000006cda86210,0x00000006cec00000)
 Metaspace       used 20223K, capacity 21196K, committed 21296K, reserved 1067008K
  class space    used 2917K, capacity 3159K, committed 3200K, reserved 1048576K
Event: 11.071 GC heap after
Heap after GC invocations=2 (full 1):
 PSYoungGen      total 76288K, used 0K [0x000000076ab00000, 0x0000000770000000, 0x00000007c0000000)
  eden space 65536K, 0% used [0x000000076ab00000,0x000000076ab00000,0x000000076eb00000)
  from space 10752K, 0% used [0x000000076eb00000,0x000000076eb00000,0x000000076f580000)
  to   space 10752K, 0% used [0x000000076f580000,0x000000076f580000,0x0000000770000000)
 ParOldGen       total 274944K, used 199700K [0x00000006c0000000, 0x00000006d0c80000, 0x000000076ab00000)
  object space 274944K, 72% used [0x00000006c0000000,0x00000006cc3053f0,0x00000006d0c80000)
 Metaspace       used 20223K, capacity 21196K, committed 21296K, reserved 1067008K
  class space    used 2917K, capacity 3159K, committed 3200K, reserved 1048576K
}

Deoptimization events (10 events):
Event: 9.260 Thread 0x00007fb05e025800 Uncommon trap: reason=class_check action=maybe_recompile pc=0x0000000115a63720 method=java.io.SequenceInputStream.read([BII)I @ 58
Event: 9.260 Thread 0x00007fb05e025800 Uncommon trap: reason=class_check action=maybe_recompile pc=0x0000000115a61940 method=java.io.SequenceInputStream.read()I @ 11
Event: 9.351 Thread 0x00007fb05e025800 Uncommon trap: reason=class_check action=maybe_recompile pc=0x0000000115a63720 method=java.io.SequenceInputStream.read([BII)I @ 58
Event: 9.351 Thread 0x00007fb05e025800 Uncommon trap: reason=class_check action=maybe_recompile pc=0x0000000115a61940 method=java.io.SequenceInputStream.read()I @ 11
Event: 9.878 Thread 0x00007fb05e025800 Uncommon trap: reason=class_check action=maybe_recompile pc=0x0000000115a63720 method=java.io.SequenceInputStream.read([BII)I @ 58
Event: 9.878 Thread 0x00007fb05e025800 Uncommon trap: reason=class_check action=maybe_recompile pc=0x0000000115a61940 method=java.io.SequenceInputStream.read()I @ 11
Event: 9.969 Thread 0x00007fb05e025800 Uncommon trap: reason=class_check action=maybe_recompile pc=0x0000000115a63720 method=java.io.SequenceInputStream.read([BII)I @ 58
Event: 9.969 Thread 0x00007fb05e025800 Uncommon trap: reason=class_check action=maybe_recompile pc=0x0000000115a61940 method=java.io.SequenceInputStream.read()I @ 11
Event: 9.969 Thread 0x00007fb05e025800 Uncommon trap: reason=unstable_if action=reinterpret pc=0x0000000115a70d44 method=com.sun.javafx.image.impl.ByteBgra$ToByteBgraPreConv.doConvert([BII[BIIII)V @ 75
Event: 9.969 Thread 0x00007fb05e025800 Uncommon trap: reason=unstable_if action=reinterpret pc=0x0000000115a6f184 method=com.sun.javafx.image.impl.ByteBgra$ToByteBgraPreConv.doConvert([BII[BIIII)V @ 75

Classes redefined (0 events):
No events

Internal exceptions (10 events):
Event: 9.351 Thread 0x00007fb05e025800 Exception <a 'java/io/FileNotFoundException'> (0x000000076d4b7ea0) thrown at [/Users/java_re/workspace/8-2-build-macosx-x86_64/jdk8u202/12323/hotspot/src/share/vm/prims/jni.cpp, line 710]
Event: 9.878 Thread 0x00007fb05e025800 Exception <a 'java/io/FileNotFoundException'> (0x000000076d4cdbb8) thrown at [/Users/java_re/workspace/8-2-build-macosx-x86_64/jdk8u202/12323/hotspot/src/share/vm/prims/jni.cpp, line 710]
Event: 9.967 Thread 0x00007fb05e025800 Exception <a 'java/io/FileNotFoundException'> (0x000000076d4dd0b8) thrown at [/Users/java_re/workspace/8-2-build-macosx-x86_64/jdk8u202/12323/hotspot/src/share/vm/prims/jni.cpp, line 710]
Event: 9.970 Thread 0x00007fb05e025800 Exception <a 'java/io/FileNotFoundException'> (0x000000076d4f0828) thrown at [/Users/java_re/workspace/8-2-build-macosx-x86_64/jdk8u202/12323/hotspot/src/share/vm/prims/jni.cpp, line 710]
Event: 9.972 Thread 0x00007fb05e025800 Exception <a 'java/io/FileNotFoundException'> (0x000000076d503ec8) thrown at [/Users/java_re/workspace/8-2-build-macosx-x86_64/jdk8u202/12323/hotspot/src/share/vm/prims/jni.cpp, line 710]
Event: 9.974 Thread 0x00007fb05e025800 Exception <a 'java/io/FileNotFoundException'> (0x000000076d519940) thrown at [/Users/java_re/workspace/8-2-build-macosx-x86_64/jdk8u202/12323/hotspot/src/share/vm/prims/jni.cpp, line 710]
Event: 10.007 Thread 0x00007fb05e025800 Exception <a 'java/io/FileNotFoundException'> (0x000000076d524e18) thrown at [/Users/java_re/workspace/8-2-build-macosx-x86_64/jdk8u202/12323/hotspot/src/share/vm/prims/jni.cpp, line 710]
Event: 10.008 Thread 0x00007fb05e025800 Exception <a 'java/io/FileNotFoundException'> (0x000000076d538998) thrown at [/Users/java_re/workspace/8-2-build-macosx-x86_64/jdk8u202/12323/hotspot/src/share/vm/prims/jni.cpp, line 710]
Event: 10.015 Thread 0x00007fb05e025800 Exception <a 'java/io/FileNotFoundException'> (0x000000076d5ac568) thrown at [/Users/java_re/workspace/8-2-build-macosx-x86_64/jdk8u202/12323/hotspot/src/share/vm/prims/jni.cpp, line 710]
Event: 10.129 Thread 0x00007fb05e025800 Exception <a 'java/io/FileNotFoundException'> (0x000000076dd2fb20) thrown at [/Users/java_re/workspace/8-2-build-macosx-x86_64/jdk8u202/12323/hotspot/src/share/vm/prims/jni.cpp, line 710]

Events (10 events):
Event: 11.080 Thread 0x00007fb05f80c000 flushing nmethod 0x00000001156b98d0
Event: 11.080 Thread 0x00007fb05f80c000 flushing nmethod 0x00000001156c3d10
Event: 11.081 Thread 0x00007fb05f80c000 flushing nmethod 0x00000001156c45d0
Event: 11.081 Thread 0x00007fb05f80c000 flushing nmethod 0x00000001156caad0
Event: 11.081 Thread 0x00007fb05f80c000 flushing nmethod 0x00000001156cca50
Event: 11.081 Thread 0x00007fb05f80c000 flushing nmethod 0x00000001156d46d0
Event: 11.081 Thread 0x00007fb05f80c000 flushing nmethod 0x00000001156d5bd0
Event: 11.081 Thread 0x00007fb05f80c000 flushing nmethod 0x00000001156d9010
Event: 11.081 Thread 0x00007fb05f80c000 flushing nmethod 0x00000001156dadd0
Event: 11.081 Executing VM operation: RevokeBias


Dynamic libraries:
0x00007ff830b81000 	/System/Library/Frameworks/Cocoa.framework/Versions/A/Cocoa
0x00007ff81c7d4000 	/System/Library/Frameworks/AppKit.framework/Versions/C/AppKit
0x00007ff81fceb000 	/System/Library/Frameworks/CoreData.framework/Versions/A/CoreData
0x00007ff81abd7000 	/System/Library/Frameworks/Foundation.framework/Versions/C/Foundation
0x00007ff824b0e000 	/usr/lib/libSystem.B.dylib
0x00007ff81d664000 	/System/Library/PrivateFrameworks/UIFoundation.framework/Versions/A/UIFoundation
0x00007ff82aa82000 	/System/Library/PrivateFrameworks/RemoteViewServices.framework/Versions/A/RemoteViewServices
0x00007ff822d62000 	/System/Library/PrivateFrameworks/XCTTargetBootstrap.framework/Versions/A/XCTTargetBootstrap
0x00007ff826918000 	/System/Library/PrivateFrameworks/InternationalSupport.framework/Versions/A/InternationalSupport
0x00007ff8269a2000 	/System/Library/PrivateFrameworks/UserActivity.framework/Versions/A/UserActivity
0x00007ff825cf5000 	/usr/lib/libspindump.dylib
0x00007ff81d8f3000 	/System/Library/Frameworks/UniformTypeIdentifiers.framework/Versions/A/UniformTypeIdentifiers
0x00007ff821486000 	/usr/lib/libapp_launch_measurement.dylib
0x00007ff8206bd000 	/System/Library/PrivateFrameworks/CoreAnalytics.framework/Versions/A/CoreAnalytics
0x00007ff821489000 	/System/Library/PrivateFrameworks/CoreAutoLayout.framework/Versions/A/CoreAutoLayout
0x00007ff8226b9000 	/System/Library/Frameworks/Metal.framework/Versions/A/Metal
0x00007ff8233e8000 	/usr/lib/liblangid.dylib
0x00007ff822d67000 	/System/Library/PrivateFrameworks/CoreSVG.framework/Versions/A/CoreSVG
0x00007ff81ecdf000 	/System/Library/PrivateFrameworks/SkyLight.framework/Versions/A/SkyLight
0x00007ff81f07e000 	/System/Library/Frameworks/CoreGraphics.framework/Versions/A/CoreGraphics
0x00007ff82b142000 	/System/Library/Frameworks/Accelerate.framework/Versions/A/Accelerate
0x00007ff825774000 	/System/Library/PrivateFrameworks/IconServices.framework/Versions/A/IconServices
0x00007ff82269e000 	/System/Library/Frameworks/IOSurface.framework/Versions/A/IOSurface
0x00007ff8206eb000 	/usr/lib/libDiagnosticMessagesClient.dylib
0x00007ff824a2e000 	/usr/lib/libz.1.dylib
0x00007ff82e825000 	/System/Library/Frameworks/ApplicationServices.framework/Versions/A/ApplicationServices
0x00007ff822d4e000 	/System/Library/PrivateFrameworks/DFRFoundation.framework/Versions/A/DFRFoundation
0x00007ff81c0bc000 	/usr/lib/libicucore.A.dylib
0x00007ff82770e000 	/System/Library/Frameworks/AudioToolbox.framework/Versions/A/AudioToolbox
0x00007ff826924000 	/System/Library/PrivateFrameworks/DataDetectorsCore.framework/Versions/A/DataDetectorsCore
0x00007ff922e22000 	/System/Library/PrivateFrameworks/TextInput.framework/Versions/A/TextInput
0x00007ff81ec62000 	/usr/lib/libMobileGestalt.dylib
0x00007ff822a5a000 	/System/Library/Frameworks/Carbon.framework/Versions/A/Frameworks/HIToolbox.framework/Versions/A/HIToolbox
0x00007ff820e88000 	/System/Library/Frameworks/QuartzCore.framework/Versions/A/QuartzCore
0x00007ff81bd61000 	/System/Library/Frameworks/Security.framework/Versions/A/Security
0x00007ff82aaba000 	/System/Library/Frameworks/Carbon.framework/Versions/A/Frameworks/SpeechRecognition.framework/Versions/A/SpeechRecognition
0x00007ff8211e6000 	/System/Library/PrivateFrameworks/CoreUI.framework/Versions/A/CoreUI
0x00007ff81b62b000 	/System/Library/Frameworks/CoreAudio.framework/Versions/A/CoreAudio
0x00007ff8207da000 	/System/Library/Frameworks/DiskArbitration.framework/Versions/A/DiskArbitration
0x00007ff8260e4000 	/System/Library/PrivateFrameworks/MultitouchSupport.framework/Versions/A/MultitouchSupport
0x00007ff81ec61000 	/usr/lib/libenergytrace.dylib
0x00007ff81c6c0000 	/System/Library/Frameworks/IOKit.framework/Versions/A/IOKit
0x00007ff82aeaa000 	/System/Library/Frameworks/CoreServices.framework/Versions/A/CoreServices
0x00007ff821420000 	/System/Library/PrivateFrameworks/PerformanceAnalysis.framework/Versions/A/PerformanceAnalysis
0x00007ffa32b00000 	/System/Library/Frameworks/OpenGL.framework/Versions/A/OpenGL
0x00007ff82404a000 	/System/Library/PrivateFrameworks/MobileKeyBag.framework/Versions/A/MobileKeyBag
0x00007ff819ba1000 	/usr/lib/libobjc.A.dylib
0x00007ff81f74a000 	/System/Library/Frameworks/ColorSync.framework/Versions/A/ColorSync
0x00007ff819d5b000 	/System/Library/Frameworks/CoreFoundation.framework/Versions/A/CoreFoundation
0x00007ff822fde000 	/System/Library/Frameworks/CoreImage.framework/Versions/A/CoreImage
0x00007ff81b43f000 	/System/Library/Frameworks/CoreText.framework/Versions/A/CoreText
0x00007ff822d97000 	/System/Library/Frameworks/ImageIO.framework/Versions/A/ImageIO
0x00007ff824b14000 	/System/Library/PrivateFrameworks/SoftLinking.framework/Versions/A/SoftLinking
0x00007ff8214d1000 	/usr/lib/libxml2.2.dylib
0x00007ff819c67000 	/usr/lib/libc++.1.dylib
0x00007ff824d98000 	/usr/lib/libcompression.dylib
0x00007ff82684b000 	/System/Library/PrivateFrameworks/TextureIO.framework/Versions/A/TextureIO
0x00007ff825486000 	/usr/lib/libate.dylib
0x00007ff824b09000 	/usr/lib/system/libcache.dylib
0x00007ff824ac5000 	/usr/lib/system/libcommonCrypto.dylib
0x00007ff824aee000 	/usr/lib/system/libcompiler_rt.dylib
0x00007ff824ae4000 	/usr/lib/system/libcopyfile.dylib
0x00007ff819a9c000 	/usr/lib/system/libcorecrypto.dylib
0x00007ff819b5a000 	/usr/lib/system/libdispatch.dylib
0x00007ff819d1a000 	/usr/lib/system/libdyld.dylib
0x00007ff824b00000 	/usr/lib/system/libkeymgr.dylib
0x00007ff824aa3000 	/usr/lib/system/libmacho.dylib
0x00007ff824124000 	/usr/lib/system/libquarantine.dylib
0x00007ff824afe000 	/usr/lib/system/libremovefile.dylib
0x00007ff81ecaf000 	/usr/lib/system/libsystem_asl.dylib
0x00007ff819a45000 	/usr/lib/system/libsystem_blocks.dylib
0x00007ff819bde000 	/usr/lib/system/libsystem_c.dylib
0x00007ff824af6000 	/usr/lib/system/libsystem_collections.dylib
0x00007ff8233d8000 	/usr/lib/system/libsystem_configuration.dylib
0x00007ff822681000 	/usr/lib/system/libsystem_containermanager.dylib
0x00007ff8247db000 	/usr/lib/system/libsystem_coreservices.dylib
0x00007ff81c350000 	/usr/lib/system/libsystem_darwin.dylib
0x00007ff824b01000 	/usr/lib/system/libsystem_dnssd.dylib
0x00007ff819bdb000 	/usr/lib/system/libsystem_featureflags.dylib
0x00007ff819d30000 	/usr/lib/system/libsystem_info.dylib
0x00007ff824a41000 	/usr/lib/system/libsystem_m.dylib
0x00007ff819b2e000 	/usr/lib/system/libsystem_malloc.dylib
0x00007ff81ec4a000 	/usr/lib/system/libsystem_networkextension.dylib
0x00007ff81c776000 	/usr/lib/system/libsystem_notify.dylib
0x00007ff82ad7f000 	/usr/lib/system/libsystem_product_info_filter.dylib
0x00007ff8233dc000 	/usr/lib/system/libsystem_sandbox.dylib
0x00007ff824afb000 	/usr/lib/system/libsystem_secinit.dylib
0x00007ff819cd6000 	/usr/lib/system/libsystem_kernel.dylib
0x00007ff819d26000 	/usr/lib/system/libsystem_platform.dylib
0x00007ff819d0e000 	/usr/lib/system/libsystem_pthread.dylib
0x00007ff8204fd000 	/usr/lib/system/libsystem_symptoms.dylib
0x00007ff819a83000 	/usr/lib/system/libsystem_trace.dylib
0x00007ff824ad1000 	/usr/lib/system/libunwind.dylib
0x00007ff819a47000 	/usr/lib/system/libxpc.dylib
0x00007ff819cc0000 	/usr/lib/libc++abi.dylib
0x00007ff824adc000 	/usr/lib/liboah.dylib
0x00007ff825262000 	/usr/lib/liblzma.5.dylib
0x00007ff81a8e9000 	/System/Library/Frameworks/SystemConfiguration.framework/Versions/A/SystemConfiguration
0x00007ff824b10000 	/usr/lib/libfakelink.dylib
0x00007ff81e7ba000 	/System/Library/Frameworks/CFNetwork.framework/Versions/A/CFNetwork
0x00007ff824c51000 	/usr/lib/libarchive.2.dylib
0x00007ff8233e4000 	/System/Library/PrivateFrameworks/AppleSystemInfo.framework/Versions/A/AppleSystemInfo
0x00007ff82414b000 	/usr/lib/libbsm.0.dylib
0x00007ff81ddc9000 	/usr/lib/libnetwork.dylib
0x00007ff824aa9000 	/usr/lib/system/libkxld.dylib
0x00007ff823d7e000 	/System/Library/PrivateFrameworks/IOMobileFramebuffer.framework/Versions/A/IOMobileFramebuffer
0x00007ffb324d8000 	/usr/lib/libCoreEntitlements.dylib
0x00007ff8247bd000 	/System/Library/PrivateFrameworks/AppleFSCompression.framework/Versions/A/AppleFSCompression
0x00007ff824133000 	/usr/lib/libcoretls.dylib
0x00007ff82527c000 	/usr/lib/libcoretls_cfhelpers.dylib
0x00007ff824d93000 	/usr/lib/libpam.2.dylib
0x00007ff82011c000 	/usr/lib/libsqlite3.dylib
0x00007ff8252eb000 	/usr/lib/libxar.1.dylib
0x00007ff8247cd000 	/usr/lib/libbz2.1.0.dylib
0x00007ff824b15000 	/usr/lib/libpcap.A.dylib
0x00007ff8204f5000 	/usr/lib/libdns_services.dylib
0x00007ff824d63000 	/usr/lib/libapple_nghttp2.dylib
0x00007ff824b4f000 	/usr/lib/libiconv.2.dylib
0x00007ff824aa2000 	/usr/lib/libcharset.1.dylib
0x00007ff821454000 	/System/Library/Frameworks/CoreServices.framework/Versions/A/Frameworks/FSEvents.framework/Versions/A/FSEvents
0x00007ff81c35a000 	/System/Library/Frameworks/CoreServices.framework/Versions/A/Frameworks/CarbonCore.framework/Versions/A/CarbonCore
0x00007ff82073e000 	/System/Library/Frameworks/CoreServices.framework/Versions/A/Frameworks/Metadata.framework/Versions/A/Metadata
0x00007ff8247e0000 	/System/Library/Frameworks/CoreServices.framework/Versions/A/Frameworks/OSServices.framework/Versions/A/OSServices
0x00007ff824cd8000 	/System/Library/Frameworks/CoreServices.framework/Versions/A/Frameworks/SearchKit.framework/Versions/A/SearchKit
0x00007ff820487000 	/System/Library/Frameworks/CoreServices.framework/Versions/A/Frameworks/AE.framework/Versions/A/AE
0x00007ff81a25e000 	/System/Library/Frameworks/CoreServices.framework/Versions/A/Frameworks/LaunchServices.framework/Versions/A/LaunchServices
0x00007ff825213000 	/System/Library/Frameworks/CoreServices.framework/Versions/A/Frameworks/DictionaryServices.framework/Versions/A/DictionaryServices
0x00007ff821461000 	/System/Library/Frameworks/CoreServices.framework/Versions/A/Frameworks/SharedFileList.framework/Versions/A/SharedFileList
0x00007ff824127000 	/usr/lib/libCheckFix.dylib
0x00007ff81ecc6000 	/System/Library/PrivateFrameworks/TCC.framework/Versions/A/TCC
0x00007ff8233ea000 	/System/Library/PrivateFrameworks/CoreNLP.framework/Versions/A/CoreNLP
0x00007ff8206ee000 	/System/Library/PrivateFrameworks/MetadataUtilities.framework/Versions/A/MetadataUtilities
0x00007ff81a99a000 	/usr/lib/libmecabra.dylib
0x00007ff82415b000 	/usr/lib/libmecab.dylib
0x00007ff81a965000 	/usr/lib/libCRFSuite.dylib
0x00007ff8241b5000 	/usr/lib/libgermantok.dylib
0x00007ff824d3e000 	/usr/lib/libThaiTokenizer.dylib
0x00007ff8207e1000 	/System/Library/Frameworks/Accelerate.framework/Versions/A/Frameworks/vImage.framework/Versions/A/vImage
0x00007ff82ae81000 	/System/Library/Frameworks/Accelerate.framework/Versions/A/Frameworks/vecLib.framework/Versions/A/vecLib
0x00007ff82532c000 	/System/Library/Frameworks/Accelerate.framework/Versions/A/Frameworks/vecLib.framework/Versions/A/libvMisc.dylib
0x00007ff823ba9000 	/System/Library/Frameworks/Accelerate.framework/Versions/A/Frameworks/vecLib.framework/Versions/A/libvDSP.dylib
0x00007ff81a5d9000 	/System/Library/Frameworks/Accelerate.framework/Versions/A/Frameworks/vecLib.framework/Versions/A/libBLAS.dylib
0x00007ff824e75000 	/System/Library/Frameworks/Accelerate.framework/Versions/A/Frameworks/vecLib.framework/Versions/A/libLAPACK.dylib
0x00007ff8241b8000 	/System/Library/Frameworks/Accelerate.framework/Versions/A/Frameworks/vecLib.framework/Versions/A/libLinearAlgebra.dylib
0x00007ff824d7b000 	/System/Library/Frameworks/Accelerate.framework/Versions/A/Frameworks/vecLib.framework/Versions/A/libSparseBLAS.dylib
0x00007ff824e6f000 	/System/Library/Frameworks/Accelerate.framework/Versions/A/Frameworks/vecLib.framework/Versions/A/libQuadrature.dylib
0x00007ff8234d5000 	/System/Library/Frameworks/Accelerate.framework/Versions/A/Frameworks/vecLib.framework/Versions/A/libBNNS.dylib
0x00007ff81a873000 	/System/Library/Frameworks/Accelerate.framework/Versions/A/Frameworks/vecLib.framework/Versions/A/libSparse.dylib
0x00007ff8234ce000 	/System/Library/PrivateFrameworks/LinguisticData.framework/Versions/A/LinguisticData
0x00007ff81a829000 	/System/Library/PrivateFrameworks/Lexicon.framework/Versions/A/Lexicon
0x00007ff825325000 	/usr/lib/libChineseTokenizer.dylib
0x00007ff81af94000 	/System/Library/PrivateFrameworks/LanguageModeling.framework/Versions/A/LanguageModeling
0x00007ff824d40000 	/System/Library/PrivateFrameworks/AppleSauce.framework/Versions/A/AppleSauce
0x00007ff823d6c000 	/System/Library/PrivateFrameworks/CoreEmoji.framework/Versions/A/CoreEmoji
0x00007ff824c40000 	/usr/lib/libcmph.dylib
0x00007ff821438000 	/System/Library/Frameworks/OpenDirectory.framework/Versions/A/Frameworks/CFOpenDirectory.framework/Versions/A/CFOpenDirectory
0x00007ff82142c000 	/System/Library/Frameworks/OpenDirectory.framework/Versions/A/OpenDirectory
0x00007ff82527e000 	/System/Library/PrivateFrameworks/APFS.framework/Versions/A/APFS
0x00007ff824082000 	/System/Library/Frameworks/SecurityFoundation.framework/Versions/A/SecurityFoundation
0x00007ff8252f9000 	/usr/lib/libutil.dylib
0x00007ff81c684000 	/System/Library/PrivateFrameworks/CoreServicesStore.framework/Versions/A/CoreServicesStore
0x00007ff8252fd000 	/usr/lib/libxslt.1.dylib
0x00007ff82410f000 	/System/Library/PrivateFrameworks/BackgroundTaskManagement.framework/Versions/A/BackgroundTaskManagement
0x00007ff82676b000 	/System/Library/Frameworks/ImageIO.framework/Versions/A/Resources/libRadiance.dylib
0x00007ff826774000 	/System/Library/Frameworks/ImageIO.framework/Versions/A/Resources/libJPEG.dylib
0x00007ff8266c3000 	/System/Library/Frameworks/ImageIO.framework/Versions/A/Resources/libPng.dylib
0x00007ff8266e4000 	/System/Library/Frameworks/ImageIO.framework/Versions/A/Resources/libTIFF.dylib
0x00007ff8267d4000 	/System/Library/Frameworks/ImageIO.framework/Versions/A/Resources/libGIF.dylib
0x00007ff825ffe000 	/System/Library/Frameworks/ImageIO.framework/Versions/A/Resources/libJP2.dylib
0x00007ff82573b000 	/usr/lib/libexpat.1.dylib
0x00007ff825fb3000 	/System/Library/PrivateFrameworks/AppleJPEG.framework/Versions/A/AppleJPEG
0x00007ff82291e000 	/System/Library/PrivateFrameworks/FontServices.framework/libFontParser.dylib
0x00007ff820431000 	/System/Library/PrivateFrameworks/RunningBoardServices.framework/Versions/A/RunningBoardServices
0x00007ff83113c000 	/System/Library/PrivateFrameworks/IOSurfaceAccelerator.framework/Versions/A/IOSurfaceAccelerator
0x00007ff8260e0000 	/System/Library/PrivateFrameworks/WatchdogClient.framework/Versions/A/WatchdogClient
0x00007ff81b082000 	/System/Library/Frameworks/CoreDisplay.framework/Versions/A/CoreDisplay
0x00007ff82281c000 	/System/Library/Frameworks/CoreMedia.framework/Versions/A/CoreMedia
0x00007ff8226b0000 	/System/Library/PrivateFrameworks/IOAccelerator.framework/Versions/A/IOAccelerator
0x00007ff8215b5000 	/System/Library/Frameworks/CoreVideo.framework/Versions/A/CoreVideo
0x00007ff824d91000 	/System/Library/Frameworks/MetalPerformanceShaders.framework/Versions/A/MetalPerformanceShaders
0x00007ff82611d000 	/System/Library/Frameworks/VideoToolbox.framework/Versions/A/VideoToolbox
0x00007ff82037b000 	/System/Library/PrivateFrameworks/BaseBoard.framework/Versions/A/BaseBoard
0x00007ff820102000 	/System/Library/PrivateFrameworks/ProtocolBuffer.framework/Versions/A/ProtocolBuffer
0x00007ff826764000 	/System/Library/PrivateFrameworks/GPUWrangler.framework/Versions/A/GPUWrangler
0x00007ff826748000 	/System/Library/PrivateFrameworks/IOPresentment.framework/Versions/A/IOPresentment
0x00007ff82676e000 	/System/Library/PrivateFrameworks/DSExternalDisplay.framework/Versions/A/DSExternalDisplay
0x00007ffa32af4000 	/System/Library/Frameworks/OpenGL.framework/Versions/A/Libraries/libCoreFSCache.dylib
0x00007ffb1fbcb000 	/System/Library/PrivateFrameworks/GPUCompiler.framework/Versions/31001/Libraries/libGPUCompilerUtils.dylib
0x00007ff8267d9000 	/System/Library/PrivateFrameworks/CMCaptureCore.framework/Versions/A/CMCaptureCore
0x00007ff825ce3000 	/System/Library/PrivateFrameworks/AppServerSupport.framework/Versions/A/AppServerSupport
0x00007ff827fa7000 	/System/Library/PrivateFrameworks/perfdata.framework/Versions/A/perfdata
0x00007ff81b1ae000 	/System/Library/PrivateFrameworks/AudioToolboxCore.framework/Versions/A/AudioToolboxCore
0x00007ff8227fa000 	/System/Library/PrivateFrameworks/caulk.framework/Versions/A/caulk
0x00007ff8278b9000 	/usr/lib/libAudioStatistics.dylib
0x00007ff91f5b0000 	/System/Library/PrivateFrameworks/SystemPolicy.framework/Versions/A/SystemPolicy
0x00007ff827b14000 	/usr/lib/libSMC.dylib
0x00007ff830a34000 	/System/Library/Frameworks/CoreMIDI.framework/Versions/A/CoreMIDI
0x00007ff826692000 	/usr/lib/libAudioToolboxUtility.dylib
0x00007ff91b7d8000 	/System/Library/PrivateFrameworks/OSAServicesClient.framework/Versions/A/OSAServicesClient
0x00007ff827fb4000 	/usr/lib/libperfcheck.dylib
0x00007ff92005d000 	/usr/lib/libmis.dylib
0x00007ffa32b4f000 	/System/Library/Frameworks/OpenGL.framework/Versions/A/Libraries/libGLU.dylib
0x00007ffa32b13000 	/System/Library/Frameworks/OpenGL.framework/Versions/A/Libraries/libGFXShared.dylib
0x00007ffa32d1c000 	/System/Library/Frameworks/OpenGL.framework/Versions/A/Libraries/libGL.dylib
0x00007ffa32b1c000 	/System/Library/Frameworks/OpenGL.framework/Versions/A/Libraries/libGLImage.dylib
0x00007ffa32b10000 	/System/Library/Frameworks/OpenGL.framework/Versions/A/Libraries/libCVMSPluginSupport.dylib
0x00007ffa32afb000 	/System/Library/Frameworks/OpenGL.framework/Versions/A/Libraries/libCoreVMClient.dylib
0x00007ff823366000 	/System/Library/Frameworks/MetalPerformanceShaders.framework/Versions/A/Frameworks/MPSCore.framework/Versions/A/MPSCore
0x00007ff824728000 	/System/Library/Frameworks/MetalPerformanceShaders.framework/Versions/A/Frameworks/MPSImage.framework/Versions/A/MPSImage
0x00007ff8241ce000 	/System/Library/Frameworks/MetalPerformanceShaders.framework/Versions/A/Frameworks/MPSNeuralNetwork.framework/Versions/A/MPSNeuralNetwork
0x00007ff824642000 	/System/Library/Frameworks/MetalPerformanceShaders.framework/Versions/A/Frameworks/MPSMatrix.framework/Versions/A/MPSMatrix
0x00007ff8243fd000 	/System/Library/Frameworks/MetalPerformanceShaders.framework/Versions/A/Frameworks/MPSRayIntersector.framework/Versions/A/MPSRayIntersector
0x00007ff82467a000 	/System/Library/Frameworks/MetalPerformanceShaders.framework/Versions/A/Frameworks/MPSNDArray.framework/Versions/A/MPSNDArray
0x00007ffa385d4000 	/System/Library/Frameworks/MetalPerformanceShaders.framework/Versions/A/Frameworks/MPSFunctions.framework/Versions/A/MPSFunctions
0x00007ff81a4b5000 	/System/Library/PrivateFrameworks/MetalTools.framework/Versions/A/MetalTools
0x00007ff8233e2000 	/System/Library/PrivateFrameworks/AggregateDictionary.framework/Versions/A/AggregateDictionary
0x00007ff82551d000 	/usr/lib/libIOReport.dylib
0x00007ffa3412b000 	/System/Library/Frameworks/OpenCL.framework/Versions/A/OpenCL
0x00007ff825881000 	/System/Library/PrivateFrameworks/FaceCore.framework/Versions/A/FaceCore
0x00007ff825872000 	/System/Library/PrivateFrameworks/GraphVisualizer.framework/Versions/A/GraphVisualizer
0x00007ffb1fad6000 	/System/Library/PrivateFrameworks/FontServices.framework/Versions/A/FontServices
0x00007ff825c9b000 	/System/Library/PrivateFrameworks/OTSVG.framework/Versions/A/OTSVG
0x00007ff82119b000 	/System/Library/Frameworks/ApplicationServices.framework/Versions/A/Frameworks/ATS.framework/Versions/A/Resources/libFontRegistry.dylib
0x00007ff825ceb000 	/System/Library/PrivateFrameworks/FontServices.framework/libhvf.dylib
0x00007ffb1fad7000 	/System/Library/PrivateFrameworks/FontServices.framework/libXTFontStaticRegistryData.dylib
0x00007ff8256eb000 	/System/Library/PrivateFrameworks/AppleVA.framework/Versions/A/AppleVA
0x00007ff8278d9000 	/System/Library/Frameworks/ApplicationServices.framework/Versions/A/Frameworks/ATS.framework/Versions/A/ATS
0x00007ff81f848000 	/System/Library/Frameworks/ApplicationServices.framework/Versions/A/Frameworks/HIServices.framework/Versions/A/HIServices
0x00007ff8267e3000 	/System/Library/Frameworks/ApplicationServices.framework/Versions/A/Frameworks/PrintCore.framework/Versions/A/PrintCore
0x00007ff827c67000 	/System/Library/Frameworks/ApplicationServices.framework/Versions/A/Frameworks/QD.framework/Versions/A/QD
0x00007ff827c5f000 	/System/Library/Frameworks/ApplicationServices.framework/Versions/A/Frameworks/ColorSyncLegacy.framework/Versions/A/ColorSyncLegacy
0x00007ff8278c9000 	/System/Library/Frameworks/ApplicationServices.framework/Versions/A/Frameworks/SpeechSynthesis.framework/Versions/A/SpeechSynthesis
0x00007ff8267a4000 	/System/Library/Frameworks/ApplicationServices.framework/Versions/A/Frameworks/ATSUI.framework/Versions/A/ATSUI
0x00007ff827bf4000 	/usr/lib/libcups.2.dylib
0x00007ff827fc3000 	/System/Library/Frameworks/Kerberos.framework/Versions/A/Kerberos
0x00007ff827fd2000 	/System/Library/Frameworks/GSS.framework/Versions/A/GSS
0x00007ff827945000 	/usr/lib/libresolv.9.dylib
0x00007ff825cfa000 	/System/Library/PrivateFrameworks/Heimdal.framework/Versions/A/Heimdal
0x00007ff82ebb7000 	/System/Library/Frameworks/Kerberos.framework/Versions/A/Libraries/libHeimdalProxy.dylib
0x00007ff820505000 	/System/Library/Frameworks/Network.framework/Versions/A/Network
0x00007ff825755000 	/usr/lib/libheimdal-asn1.dylib
0x00007ff82801d000 	/System/Library/PrivateFrameworks/CommonAuth.framework/Versions/A/CommonAuth
0x00007ff82784b000 	/System/Library/PrivateFrameworks/AudioSession.framework/Versions/A/AudioSession
0x00007ff8257e5000 	/System/Library/PrivateFrameworks/MediaExperience.framework/Versions/A/MediaExperience
0x00007ff8276dd000 	/System/Library/PrivateFrameworks/AudioSession.framework/libSessionUtility.dylib
0x00007ff827c73000 	/System/Library/PrivateFrameworks/AudioResourceArbitration.framework/Versions/A/AudioResourceArbitration
0x00007ff82bcf4000 	/System/Library/PrivateFrameworks/PowerLog.framework/Versions/A/PowerLog
0x00007ff82575e000 	/System/Library/PrivateFrameworks/IconFoundation.framework/Versions/A/IconFoundation
0x00007ff82aaaa000 	/System/Library/PrivateFrameworks/SpeechRecognitionCore.framework/Versions/A/SpeechRecognitionCore
0x0000000113f83000 	/Library/Java/JavaVirtualMachines/jdk1.8.0_202.jdk/Contents/Home/jre/lib/server/libjvm.dylib
0x00007ffb32f64000 	/usr/lib/libstdc++.6.dylib
0x000000010efa4000 	/Library/Java/JavaVirtualMachines/jdk1.8.0_202.jdk/Contents/Home/jre/lib/libverify.dylib
0x0000000113000000 	/Library/Java/JavaVirtualMachines/jdk1.8.0_202.jdk/Contents/Home/jre/lib/libjava.dylib
0x0000000113036000 	/Library/Java/JavaVirtualMachines/jdk1.8.0_202.jdk/Contents/Home/jre/lib/libjdwp.dylib
0x000000010ef9c000 	/Library/Java/JavaVirtualMachines/jdk1.8.0_202.jdk/Contents/Home/jre/lib/libnpt.dylib
0x000000011308a000 	/Library/Java/JavaVirtualMachines/jdk1.8.0_202.jdk/Contents/Home/jre/lib/libzip.dylib
0x0000000113e96000 	/Library/Java/JavaVirtualMachines/jdk1.8.0_202.jdk/Contents/Home/jre/lib/libdt_socket.dylib
0x0000000113f42000 	/Library/Java/JavaVirtualMachines/jdk1.8.0_202.jdk/Contents/Home/jre/lib/libprism_es2.dylib
0x00007ff81c646000 	/System/Library/PrivateFrameworks/CoreServicesInternal.framework/Versions/A/CoreServicesInternal
0x00007ffa32d27000 	/System/Library/Frameworks/OpenGL.framework/Versions/A/Resources/GLEngine.bundle/GLEngine
0x00007ffa32b8d000 	/System/Library/Frameworks/OpenGL.framework/Versions/A/Libraries/libGLProgrammability.dylib
0x00007ffa2dad2000 	/System/Library/Extensions/AppleIntelHD5000GraphicsGLDriver.bundle/Contents/MacOS/AppleIntelHD5000GraphicsGLDriver
0x00007ff92a1f8000 	/System/Library/PrivateFrameworks/GPUSupport.framework/Versions/A/Libraries/libGPUSupportMercury.dylib
0x00007ffa32eb1000 	/System/Library/Frameworks/OpenGL.framework/Versions/A/Resources/GLRendererFloat.bundle/GLRendererFloat
0x000000012fd5f000 	/Library/Java/JavaVirtualMachines/jdk1.8.0_202.jdk/Contents/Home/jre/lib/libglass.dylib
0x00007ff82c2e5000 	/System/Library/Frameworks/FileProvider.framework/Versions/A/FileProvider
0x00007ff8202e8000 	/System/Library/Frameworks/Accounts.framework/Versions/A/Accounts
0x00007ff82c45e000 	/System/Library/PrivateFrameworks/GenerationalStorage.framework/Versions/A/GenerationalStorage
0x00007ff82cf6e000 	/System/Library/PrivateFrameworks/CoreSymbolication.framework/Versions/A/CoreSymbolication
0x00007ff82bce9000 	/System/Library/PrivateFrameworks/SymptomDiagnosticReporter.framework/Versions/A/SymptomDiagnosticReporter
0x00007ff81d907000 	/System/Library/PrivateFrameworks/DesktopServicesPriv.framework/Versions/A/DesktopServicesPriv
0x00007ff81c785000 	/usr/lib/libsandbox.1.dylib
0x00007ff821634000 	/System/Library/PrivateFrameworks/UserManagement.framework/Versions/A/UserManagement
0x00007ff82cf33000 	/System/Library/PrivateFrameworks/DebugSymbols.framework/Versions/A/DebugSymbols
0x00007ff827c54000 	/System/Library/PrivateFrameworks/NetAuth.framework/Versions/A/NetAuth
0x00007ff828b63000 	/System/Library/PrivateFrameworks/Sharing.framework/Versions/A/Sharing
0x00007ff821607000 	/System/Library/PrivateFrameworks/login.framework/Versions/A/Frameworks/loginsupport.framework/Versions/A/loginsupport
0x00007ff82e0d1000 	/System/Library/PrivateFrameworks/Apple80211.framework/Versions/A/Apple80211
0x00007ff82480d000 	/System/Library/PrivateFrameworks/AuthKit.framework/Versions/A/AuthKit
0x00007ff823e62000 	/System/Library/PrivateFrameworks/CoreUtils.framework/Versions/A/CoreUtils
0x00007ff823d89000 	/System/Library/Frameworks/CoreWLAN.framework/Versions/A/CoreWLAN
0x00007ff828cc2000 	/System/Library/Frameworks/IOBluetooth.framework/Versions/A/IOBluetooth
0x00007ff82e139000 	/System/Library/PrivateFrameworks/CoreWiFi.framework/Versions/A/CoreWiFi
0x00007ff82cb08000 	/System/Library/PrivateFrameworks/FrontBoardServices.framework/Versions/A/FrontBoardServices
0x00007ff82cb99000 	/System/Library/PrivateFrameworks/BoardServices.framework/Versions/A/BoardServices
0x00007ff824071000 	/System/Library/PrivateFrameworks/AssertionServices.framework/Versions/A/AssertionServices
0x00007ff82e2bc000 	/System/Library/PrivateFrameworks/BackBoardServices.framework/Versions/A/BackBoardServices
0x00007ff8280ae000 	/System/Library/PrivateFrameworks/CorePhoneNumbers.framework/Versions/A/CorePhoneNumbers
0x00007ff827972000 	/System/Library/PrivateFrameworks/MultiverseSupport.framework/Versions/A/MultiverseSupport
0x00007ff82e530000 	/System/Library/PrivateFrameworks/RemoteServiceDiscovery.framework/Versions/A/RemoteServiceDiscovery
0x00007ff82be06000 	/System/Library/PrivateFrameworks/DiskManagement.framework/Versions/A/DiskManagement
0x00007ff82bd1a000 	/System/Library/PrivateFrameworks/AppleIDAuthSupport.framework/Versions/A/AppleIDAuthSupport
0x00007ffb1a451000 	/System/Library/PrivateFrameworks/AAAFoundation.framework/Versions/A/AAAFoundation
0x00007ff82808f000 	/System/Library/PrivateFrameworks/KeychainCircle.framework/Versions/A/KeychainCircle
0x00007ff82e540000 	/System/Library/PrivateFrameworks/RemoteXPC.framework/Versions/A/RemoteXPC
0x00007ff82bdd2000 	/System/Library/PrivateFrameworks/MediaKit.framework/Versions/A/MediaKit
0x00007ff82bd26000 	/System/Library/Frameworks/DiscRecording.framework/Versions/A/DiscRecording
0x00007ff825663000 	/usr/lib/libCoreStorage.dylib
0x00007ff82e5ab000 	/usr/lib/libcsfde.dylib
0x00007ff828d8f000 	/System/Library/PrivateFrameworks/ProtectedCloudStorage.framework/Versions/A/ProtectedCloudStorage
0x00007ff82e5a7000 	/System/Library/PrivateFrameworks/EFILogin.framework/Versions/A/EFILogin
0x00007ff82c484000 	/System/Library/PrivateFrameworks/OctagonTrust.framework/Versions/A/OctagonTrust
0x00007ffb1ed39000 	/System/Library/PrivateFrameworks/CoreUtilsExtras.framework/Versions/A/CoreUtilsExtras
0x00007ff82bc4d000 	/System/Library/Frameworks/CoreBluetooth.framework/Versions/A/CoreBluetooth
0x00007ff82ec3c000 	/System/Library/Frameworks/AudioUnit.framework/Versions/A/AudioUnit
0x00007ff82565b000 	/usr/lib/libMatch.1.dylib
0x00007ff924681000 	/System/Library/Frameworks/Accelerate.framework/Versions/A/Frameworks/vImage.framework/Versions/A/Libraries/libCGInterfaces.dylib
0x000000013165e000 	/usr/lib/libobjc-trampolines.dylib
0x00007ff831144000 	/System/Library/PrivateFrameworks/FamilyControls.framework/Versions/A/FamilyControls
0x00007ff831168000 	/System/Library/PrivateFrameworks/CommerceKit.framework/Versions/A/Frameworks/CommerceCore.framework/Versions/A/CommerceCore
0x00007ff82b1c6000 	/System/Library/PrivateFrameworks/SystemAdministration.framework/Versions/A/SystemAdministration
0x00007ff828d76000 	/System/Library/PrivateFrameworks/AppContainer.framework/Versions/A/AppContainer
0x00007ff828d8b000 	/System/Library/PrivateFrameworks/SecCodeWrapper.framework/Versions/A/SecCodeWrapper
0x00007ff825526000 	/System/Library/PrivateFrameworks/CrashReporterSupport.framework/Versions/A/CrashReporterSupport
0x00007ff92c099000 	/System/Library/PrivateFrameworks/OSAnalytics.framework/Versions/A/OSAnalytics
0x00007ff937251000 	/System/Library/PrivateFrameworks/Symbolication.framework/Versions/A/Symbolication
0x00007ff92003a000 	/System/Library/PrivateFrameworks/MallocStackLogging.framework/Versions/A/MallocStackLogging
0x00007ff825db1000 	/System/Library/PrivateFrameworks/login.framework/Versions/A/login
0x00007ff826a0d000 	/System/Library/Frameworks/MediaToolbox.framework/Versions/A/MediaToolbox
0x00007ff82aa76000 	/System/Library/Frameworks/DirectoryService.framework/Versions/A/DirectoryService
0x00007ff82e448000 	/System/Library/PrivateFrameworks/DiskImages.framework/Versions/A/DiskImages
0x00007ff824119000 	/System/Library/Frameworks/ServiceManagement.framework/Versions/A/ServiceManagement
0x00007ff82e625000 	/System/Library/PrivateFrameworks/LoginUIKit.framework/Versions/A/Frameworks/LoginUICore.framework/Versions/A/LoginUICore
0x00007ff825f5a000 	/usr/lib/libodfde.dylib
0x00007ff82c2b5000 	/System/Library/PrivateFrameworks/CoreAVCHD.framework/Versions/A/CoreAVCHD
0x00007ff82b18a000 	/System/Library/Frameworks/MediaAccessibility.framework/Versions/A/MediaAccessibility
0x00007ff82c2b1000 	/System/Library/PrivateFrameworks/Mangrove.framework/Versions/A/Mangrove
0x00007ff82b195000 	/System/Library/PrivateFrameworks/AlgosScoreFramework.framework/Versions/A/AlgosScoreFramework
0x00007ffb1c02d000 	/System/Library/PrivateFrameworks/CMPhoto.framework/Versions/A/CMPhoto
0x00007ff82ce09000 	/System/Library/PrivateFrameworks/AppleVPA.framework/Versions/A/AppleVPA
0x00007ff82bef6000 	/System/Library/PrivateFrameworks/CoreAUC.framework/Versions/A/CoreAUC
0x00007ff82e5b7000 	/usr/lib/libcurl.4.dylib
0x00007ffb32a33000 	/usr/lib/libcrypto.46.dylib
0x00007ffb32f28000 	/usr/lib/libssl.48.dylib
0x00007ff82e2da000 	/System/Library/Frameworks/LDAP.framework/Versions/A/LDAP
0x00007ff82e312000 	/System/Library/PrivateFrameworks/TrustEvaluationAgent.framework/Versions/A/TrustEvaluationAgent
0x00007ff82795e000 	/usr/lib/libsasl2.2.dylib
0x00007ff82b1ba000 	/System/Library/PrivateFrameworks/CoreDaemon.framework/Versions/B/CoreDaemon
0x00007ff82b1b5000 	/System/Library/PrivateFrameworks/AppleSRP.framework/Versions/A/AppleSRP
0x00007ff82132c000 	/System/Library/PrivateFrameworks/ViewBridge.framework/Versions/A/ViewBridge
0x0000000133b3b000 	/Library/Java/JavaVirtualMachines/jdk1.8.0_202.jdk/Contents/Home/jre/lib/libjavafx_font.dylib
0x00007ffb325c7000 	/usr/lib/libRosetta.dylib
0x0000000135872000 	/Library/Java/JavaVirtualMachines/jdk1.8.0_202.jdk/Contents/Home/jre/lib/libprism_common.dylib
0x0000000137f74000 	/Library/Java/JavaVirtualMachines/jdk1.8.0_202.jdk/Contents/Home/jre/lib/libnet.dylib

VM Arguments:
jvm_args: -agentlib:jdwp=transport=dt_socket,server=n,suspend=y,address=localhost:61808 
java_command: Game2DClean
java_class_path (initial): /Users/luka/Desktop/Computer_Science/Programming_2/Among_US_Project_CLEAN_UP/bin
Launcher Type: SUN_STANDARD

Environment Variables:
PATH=/usr/local/opt/mongodb-community/bin:/usr/local/opt/mysql-client/bin:/usr/local/bin:/usr/local/sbin:/usr/local/bin:/usr/bin:/bin:/usr/sbin:/sbin:/usr/local/opt/mongodb-community/bin:/usr/local/opt/mysql-client/bin:/usr/local/sbin
SHELL=/bin/zsh

Signal Handlers:
SIGSEGV: [libjvm.dylib+0x5b719d], sa_mask[0]=11111111011111110111111111111111, sa_flags=SA_ONSTACK|SA_RESTART|SA_SIGINFO
SIGBUS: [libjvm.dylib+0x5b719d], sa_mask[0]=11111111011111110111111111111111, sa_flags=SA_RESTART|SA_SIGINFO
SIGFPE: [libjvm.dylib+0x48c8fc], sa_mask[0]=11111111011111110111111111111111, sa_flags=SA_RESTART|SA_SIGINFO
SIGPIPE: [libjvm.dylib+0x48c8fc], sa_mask[0]=11111111011111110111111111111111, sa_flags=SA_RESTART|SA_SIGINFO
SIGXFSZ: [libjvm.dylib+0x48c8fc], sa_mask[0]=11111111011111110111111111111111, sa_flags=SA_RESTART|SA_SIGINFO
SIGILL: [libjvm.dylib+0x48c8fc], sa_mask[0]=11111111011111110111111111111111, sa_flags=SA_RESTART|SA_SIGINFO
SIGUSR1: SIG_DFL, sa_mask[0]=00000000000000000000000000000000, sa_flags=SA_RESTART
SIGUSR2: [libjvm.dylib+0x48c41a], sa_mask[0]=00000000000000000000000000000000, sa_flags=SA_RESTART|SA_SIGINFO
SIGHUP: [libjvm.dylib+0x48a9a5], sa_mask[0]=11111111011111110111111111111111, sa_flags=SA_RESTART|SA_SIGINFO
SIGINT: [libjvm.dylib+0x48a9a5], sa_mask[0]=11111111011111110111111111111111, sa_flags=SA_RESTART|SA_SIGINFO
SIGTERM: [libjvm.dylib+0x48a9a5], sa_mask[0]=11111111011111110111111111111111, sa_flags=SA_RESTART|SA_SIGINFO
SIGQUIT: [libjvm.dylib+0x48a9a5], sa_mask[0]=11111111011111110111111111111111, sa_flags=SA_RESTART|SA_SIGINFO


---------------  S Y S T E M  ---------------

OS:Bsduname:Darwin 21.6.0 Darwin Kernel Version 21.6.0: Sun Nov  6 23:31:16 PST 2022; root:xnu-8020.240.14~1/RELEASE_X86_64 x86_64
rlimit: STACK 8192k, CORE 0k, NPROC 2784, NOFILE 10240, AS infinity
load average:3.64 4.84 4.84

CPU:total 8 (initial active 8) (4 cores per cpu, 2 threads per core) family 6 model 70 stepping 1, cmov, cx8, fxsr, mmx, sse, sse2, sse3, ssse3, sse4.1, sse4.2, popcnt, avx, avx2, aes, clmul, erms, lzcnt, ht, tsc, tscinvbit, bmi1, bmi2

Memory: 4k page, physical 16777216k(23952k free)

/proc/meminfo:


vm_info: Java HotSpot(TM) 64-Bit Server VM (25.202-b08) for bsd-amd64 JRE (1.8.0_202-b08), built on Dec 15 2018 20:16:16 by "java_re" with gcc 4.2.1 (Based on Apple Inc. build 5658) (LLVM build 2336.11.00)

time: Wed Apr 26 22:02:07 2023
timezone: CEST
elapsed time: 11 seconds (0d 0h 0m 11s)

